# JRE version: OpenJDK Runtime Environment (17.0.10) (build 17.0.10+0-17.0.10b1087.21-11572160)
# Java VM: OpenJDK 64-Bit Server VM (17.0.10+0-17.0.10b1087.21-11572160, mixed mode, tiered, compressed oops, compressed class ptrs, g1 gc, bsd-amd64)
GC Precious Log:
 CPUs: 16 total, 16 available
 Memory: 16384M
 Large Page Support: Disabled
 NUMA Support: Disabled
 Compressed Oops: Enabled (Zero based)
 Heap Region Size: 1M
 Heap Min Capacity: 8M
 Heap Initial Capacity: 256M
 Heap Max Capacity: 2G
 Pre-touch: Disabled
 Parallel Workers: 13
 Concurrent Workers: 3
 Concurrent Refinement Workers: 13
 Periodic GC: Disabled
Heap:
 garbage-first heap   total 179200K, used 131615K [0x0000000780000000, 0x0000000800000000)
  region size 1024K, 77 young (78848K), 6 survivors (6144K)
 Metaspace       used 83434K, committed 83968K, reserved 557056K
  class space    used 11354K, committed 11584K, reserved 425984K
GC Heap History (20 events):
Event: 2.893 GC heap before
{Heap before GC invocations=10 (full 0):
 garbage-first heap   total 92160K, used 31027K [0x0000000780000000, 0x0000000800000000)
  region size 1024K, 8 young (8192K), 7 survivors (7168K)
 Metaspace       used 42011K, committed 42432K, reserved 491520K
  class space    used 5823K, committed 6016K, reserved 425984K
}
Event: 2.896 GC heap after
{Heap after GC invocations=11 (full 0):
 garbage-first heap   total 92160K, used 30819K [0x0000000780000000, 0x0000000800000000)
  region size 1024K, 1 young (1024K), 1 survivors (1024K)
 Metaspace       used 42011K, committed 42432K, reserved 491520K
  class space    used 5823K, committed 6016K, reserved 425984K
}
Event: 3.245 GC heap before
{Heap before GC invocations=11 (full 0):
 garbage-first heap   total 92160K, used 70755K [0x0000000780000000, 0x0000000800000000)
  region size 1024K, 40 young (40960K), 1 survivors (1024K)
 Metaspace       used 46901K, committed 47296K, reserved 491520K
  class space    used 6666K, committed 6848K, reserved 425984K
}
Event: 3.247 GC heap after
{Heap after GC invocations=12 (full 0):
 garbage-first heap   total 92160K, used 32614K [0x0000000780000000, 0x0000000800000000)
  region size 1024K, 3 young (3072K), 3 survivors (3072K)
 Metaspace       used 46901K, committed 47296K, reserved 491520K
  class space    used 6666K, committed 6848K, reserved 425984K
}
Event: 3.518 GC heap before
{Heap before GC invocations=12 (full 0):
 garbage-first heap   total 92160K, used 73574K [0x0000000780000000, 0x0000000800000000)
  region size 1024K, 41 young (41984K), 3 survivors (3072K)
 Metaspace       used 52413K, committed 52800K, reserved 491520K
  class space    used 7637K, committed 7808K, reserved 425984K
}
Event: 3.520 GC heap after
{Heap after GC invocations=13 (full 0):
 garbage-first heap   total 92160K, used 33486K [0x0000000780000000, 0x0000000800000000)
  region size 1024K, 4 young (4096K), 4 survivors (4096K)
 Metaspace       used 52413K, committed 52800K, reserved 491520K
  class space    used 7637K, committed 7808K, reserved 425984K
}
Event: 3.870 GC heap before
{Heap before GC invocations=13 (full 0):
 garbage-first heap   total 92160K, used 72398K [0x0000000780000000, 0x0000000800000000)
  region size 1024K, 42 young (43008K), 4 survivors (4096K)
 Metaspace       used 57414K, committed 57856K, reserved 491520K
  class space    used 8304K, committed 8512K, reserved 425984K
}
Event: 3.872 GC heap after
{Heap after GC invocations=14 (full 0):
 garbage-first heap   total 92160K, used 34576K [0x0000000780000000, 0x0000000800000000)
  region size 1024K, 3 young (3072K), 3 survivors (3072K)
 Metaspace       used 57414K, committed 57856K, reserved 491520K
  class space    used 8304K, committed 8512K, reserved 425984K
}
Event: 4.018 GC heap before
{Heap before GC invocations=14 (full 0):
 garbage-first heap   total 92160K, used 50960K [0x0000000780000000, 0x0000000800000000)
  region size 1024K, 20 young (20480K), 3 survivors (3072K)
 Metaspace       used 59844K, committed 60288K, reserved 491520K
  class space    used 8576K, committed 8768K, reserved 425984K
}
Event: 4.020 GC heap after
{Heap after GC invocations=15 (full 0):
 garbage-first heap   total 92160K, used 34897K [0x0000000780000000, 0x0000000800000000)
  region size 1024K, 3 young (3072K), 3 survivors (3072K)
 Metaspace       used 59844K, committed 60288K, reserved 491520K
  class space    used 8576K, committed 8768K, reserved 425984K
}
Event: 4.358 GC heap before
{Heap before GC invocations=16 (full 0):
 garbage-first heap   total 92160K, used 83025K [0x0000000780000000, 0x0000000800000000)
  region size 1024K, 43 young (44032K), 3 survivors (3072K)
 Metaspace       used 63411K, committed 64000K, reserved 491520K
  class space    used 9077K, committed 9344K, reserved 425984K
}
Event: 4.361 GC heap after
{Heap after GC invocations=17 (full 0):
 garbage-first heap   total 92160K, used 46630K [0x0000000780000000, 0x0000000800000000)
  region size 1024K, 6 young (6144K), 6 survivors (6144K)
 Metaspace       used 63411K, committed 64000K, reserved 491520K
  class space    used 9077K, committed 9344K, reserved 425984K
}
Event: 4.533 GC heap before
{Heap before GC invocations=17 (full 0):
 garbage-first heap   total 92160K, used 73254K [0x0000000780000000, 0x0000000800000000)
  region size 1024K, 33 young (33792K), 6 survivors (6144K)
 Metaspace       used 64233K, committed 64704K, reserved 491520K
  class space    used 9168K, committed 9408K, reserved 425984K
}
Event: 4.538 GC heap after
{Heap after GC invocations=18 (full 0):
 garbage-first heap   total 92160K, used 45455K [0x0000000780000000, 0x0000000800000000)
  region size 1024K, 5 young (5120K), 5 survivors (5120K)
 Metaspace       used 64233K, committed 64704K, reserved 491520K
  class space    used 9168K, committed 9408K, reserved 425984K
}
Event: 4.770 GC heap before
{Heap before GC invocations=18 (full 0):
 garbage-first heap   total 92160K, used 70031K [0x0000000780000000, 0x0000000800000000)
  region size 1024K, 30 young (30720K), 5 survivors (5120K)
 Metaspace       used 67543K, committed 68032K, reserved 491520K
  class space    used 9555K, committed 9792K, reserved 425984K
}
Event: 4.773 GC heap after
{Heap after GC invocations=19 (full 0):
 garbage-first heap   total 92160K, used 47546K [0x0000000780000000, 0x0000000800000000)
  region size 1024K, 2 young (2048K), 2 survivors (2048K)
 Metaspace       used 67543K, committed 68032K, reserved 491520K
  class space    used 9555K, committed 9792K, reserved 425984K
}
Event: 4.797 GC heap before
{Heap before GC invocations=19 (full 0):
 garbage-first heap   total 92160K, used 49594K [0x0000000780000000, 0x0000000800000000)
  region size 1024K, 5 young (5120K), 2 survivors (2048K)
 Metaspace       used 67861K, committed 68352K, reserved 491520K
  class space    used 9598K, committed 9856K, reserved 425984K
}
Event: 4.798 GC heap after
{Heap after GC invocations=20 (full 0):
 garbage-first heap   total 179200K, used 47217K [0x0000000780000000, 0x0000000800000000)
  region size 1024K, 2 young (2048K), 2 survivors (2048K)
 Metaspace       used 67861K, committed 68352K, reserved 491520K
  class space    used 9598K, committed 9856K, reserved 425984K
}
Event: 5.653 GC heap before
{Heap before GC invocations=20 (full 0):
 garbage-first heap   total 179200K, used 145521K [0x0000000780000000, 0x0000000800000000)
  region size 1024K, 91 young (93184K), 2 survivors (2048K)
 Metaspace       used 78027K, committed 78528K, reserved 557056K
  class space    used 10679K, committed 10944K, reserved 425984K
}
Event: 5.656 GC heap after
{Heap after GC invocations=21 (full 0):
 garbage-first heap   total 179200K, used 58911K [0x0000000780000000, 0x0000000800000000)
  region size 1024K, 6 young (6144K), 6 survivors (6144K)
 Metaspace       used 78027K, committed 78528K, reserved 557056K
  class space    used 10679K, committed 10944K, reserved 425984K
}

