# JRE version: OpenJDK Runtime Environment (17.0.10) (build 17.0.10+0-17.0.10b1087.21-11572160)
# Java VM: OpenJDK 64-Bit Server VM (17.0.10+0-17.0.10b1087.21-11572160, mixed mode, tiered, compressed oops, compressed class ptrs, g1 gc, bsd-amd64)
GC Precious Log:
 CPUs: 16 total, 16 available
 Memory: 16384M
 Large Page Support: Disabled
 NUMA Support: Disabled
 Compressed Oops: Enabled (Zero based)
 Heap Region Size: 1M
 Heap Min Capacity: 8M
 Heap Initial Capacity: 256M
 Heap Max Capacity: 2G
 Pre-touch: Disabled
 Parallel Workers: 13
 Concurrent Workers: 3
 Concurrent Refinement Workers: 13
 Periodic GC: Disabled
Heap:
 garbage-first heap   total 75776K, used 41312K [0x0000000780000000, 0x0000000800000000)
  region size 1024K, 20 young (20480K), 3 survivors (3072K)
 Metaspace       used 39252K, committed 39552K, reserved 491520K
  class space    used 5460K, committed 5568K, reserved 425984K
GC Heap History (14 events):
Event: 0.311 GC heap before
{Heap before GC invocations=0 (full 0):
 garbage-first heap   total 262144K, used 26624K [0x0000000780000000, 0x0000000800000000)
  region size 1024K, 23 young (23552K), 0 survivors (0K)
 Metaspace       used 8191K, committed 8384K, reserved 491520K
  class space    used 870K, committed 960K, reserved 425984K
}
Event: 0.315 GC heap after
{Heap after GC invocations=1 (full 0):
 garbage-first heap   total 262144K, used 10891K [0x0000000780000000, 0x0000000800000000)
  region size 1024K, 3 young (3072K), 3 survivors (3072K)
 Metaspace       used 8191K, committed 8384K, reserved 491520K
  class space    used 870K, committed 960K, reserved 425984K
}
Event: 0.500 GC heap before
{Heap before GC invocations=1 (full 0):
 garbage-first heap   total 262144K, used 39563K [0x0000000780000000, 0x0000000800000000)
  region size 1024K, 31 young (31744K), 3 survivors (3072K)
 Metaspace       used 10535K, committed 10688K, reserved 491520K
  class space    used 1218K, committed 1280K, reserved 425984K
}
Event: 0.503 GC heap after
{Heap after GC invocations=2 (full 0):
 garbage-first heap   total 262144K, used 12204K [0x0000000780000000, 0x0000000800000000)
  region size 1024K, 2 young (2048K), 2 survivors (2048K)
 Metaspace       used 10535K, committed 10688K, reserved 491520K
  class space    used 1218K, committed 1280K, reserved 425984K
}
Event: 1.116 GC heap before
{Heap before GC invocations=2 (full 0):
 garbage-first heap   total 262144K, used 74668K [0x0000000780000000, 0x0000000800000000)
  region size 1024K, 62 young (63488K), 2 survivors (2048K)
 Metaspace       used 21261K, committed 21504K, reserved 491520K
  class space    used 2783K, committed 2880K, reserved 425984K
}
Event: 1.123 GC heap after
{Heap after GC invocations=3 (full 0):
 garbage-first heap   total 262144K, used 20579K [0x0000000780000000, 0x0000000800000000)
  region size 1024K, 9 young (9216K), 9 survivors (9216K)
 Metaspace       used 21261K, committed 21504K, reserved 491520K
  class space    used 2783K, committed 2880K, reserved 425984K
}
Event: 1.438 GC heap before
{Heap before GC invocations=4 (full 0):
 garbage-first heap   total 75776K, used 56419K [0x0000000780000000, 0x0000000800000000)
  region size 1024K, 44 young (45056K), 9 survivors (9216K)
 Metaspace       used 26288K, committed 26624K, reserved 491520K
  class space    used 3622K, committed 3776K, reserved 425984K
}
Event: 1.445 GC heap after
{Heap after GC invocations=5 (full 0):
 garbage-first heap   total 75776K, used 22528K [0x0000000780000000, 0x0000000800000000)
  region size 1024K, 3 young (3072K), 3 survivors (3072K)
 Metaspace       used 26288K, committed 26624K, reserved 491520K
  class space    used 3622K, committed 3776K, reserved 425984K
}
Event: 1.690 GC heap before
{Heap before GC invocations=5 (full 0):
 garbage-first heap   total 75776K, used 53248K [0x0000000780000000, 0x0000000800000000)
  region size 1024K, 33 young (33792K), 3 survivors (3072K)
 Metaspace       used 30247K, committed 30528K, reserved 491520K
  class space    used 4272K, committed 4416K, reserved 425984K
}
Event: 1.692 GC heap after
{Heap after GC invocations=6 (full 0):
 garbage-first heap   total 75776K, used 23708K [0x0000000780000000, 0x0000000800000000)
  region size 1024K, 4 young (4096K), 4 survivors (4096K)
 Metaspace       used 30247K, committed 30528K, reserved 491520K
  class space    used 4272K, committed 4416K, reserved 425984K
}
Event: 1.940 GC heap before
{Heap before GC invocations=6 (full 0):
 garbage-first heap   total 75776K, used 55452K [0x0000000780000000, 0x0000000800000000)
  region size 1024K, 35 young (35840K), 4 survivors (4096K)
 Metaspace       used 34409K, committed 34688K, reserved 491520K
  class space    used 4912K, committed 5056K, reserved 425984K
}
Event: 1.943 GC heap after
{Heap after GC invocations=7 (full 0):
 garbage-first heap   total 75776K, used 25064K [0x0000000780000000, 0x0000000800000000)
  region size 1024K, 3 young (3072K), 3 survivors (3072K)
 Metaspace       used 34409K, committed 34688K, reserved 491520K
  class space    used 4912K, committed 5056K, reserved 425984K
}
Event: 2.005 GC heap before
{Heap before GC invocations=7 (full 0):
 garbage-first heap   total 75776K, used 32232K [0x0000000780000000, 0x0000000800000000)
  region size 1024K, 11 young (11264K), 3 survivors (3072K)
 Metaspace       used 35664K, committed 35968K, reserved 491520K
  class space    used 5042K, committed 5184K, reserved 425984K
}
Event: 2.008 GC heap after
{Heap after GC invocations=8 (full 0):
 garbage-first heap   total 75776K, used 25952K [0x0000000780000000, 0x0000000800000000)
  region size 1024K, 3 young (3072K), 3 survivors (3072K)
 Metaspace       used 35664K, committed 35968K, reserved 491520K
  class space    used 5042K, committed 5184K, reserved 425984K
}

